<?xml version="1.0" encoding="UTF-8"?>
<!-- Generated by org.testng.reporters.JUnitXMLReporter -->
<testsuite ignored="0" hostname="aryan1313" failures="0" tests="7" name="Default test" time="13.412" errors="0" timestamp="2026-05-14T01:26:48 IST">
  <testcase classname="com.qa.opencart.Tests.ProductInfoTest" name="GetHeaderTest" time="1.427"/>
  <testcase classname="com.qa.opencart.Tests.ProductInfoTest" name="GetHeaderTest" time="1.103"/>
  <testcase classname="com.qa.opencart.Tests.ProductInfoTest" name="GetHeaderTest" time="1.028"/>
  <testcase classname="com.qa.opencart.Tests.ProductInfoTest" name="GetImagescountTest" time="0.855"/>
  <testcase classname="com.qa.opencart.Tests.ProductInfoTest" name="GetImagescountTest" time="0.935"/>
  <testcase classname="com.qa.opencart.Tests.ProductInfoTest" name="GetImagescountTest" time="0.832"/>
  <testcase classname="com.qa.opencart.Tests.ProductInfoTest" name="getCompleteInfoTest" time="1.034"/>
</testsuite> <!-- Default test -->
