<?xml version="1.0" encoding="UTF-8"?>
<!-- Generated by org.testng.reporters.JUnitXMLReporter -->
<testsuite ignored="0" hostname="aryan1313" failures="0" tests="3" name="Accounts Page Test" time="59.037" errors="0" timestamp="2026-05-19T14:48:16 IST">
  <testcase classname="com.qa.opencart.Tests.AccountsPageTest" name="accPageHeadersTest" time="0.203"/>
  <testcase classname="com.qa.opencart.Tests.AccountsPageTest" name="checklogoutlinkexistTest" time="0.041"/>
  <testcase classname="com.qa.opencart.Tests.AccountsPageTest" name="dosearchTest" time="0.675"/>
</testsuite> <!-- Accounts Page Test -->
