<?xml version="1.0" encoding="UTF-8"?>
<!-- Generated by org.testng.reporters.JUnitXMLReporter -->
<testsuite ignored="0" hostname="aryan1313" failures="0" tests="3" name="Accounts Page Test" time="3.633" errors="0" timestamp="2026-05-15T14:15:15 IST">
  <testcase classname="com.qa.opencart.Tests.AccountsPageTest" name="accPageHeadersTest" time="0.0">
    <skipped/>
  </testcase> <!-- accPageHeadersTest -->
  <testcase classname="com.qa.opencart.Tests.AccountsPageTest" name="checklogoutlinkexistTest" time="0.0">
    <skipped/>
  </testcase> <!-- checklogoutlinkexistTest -->
  <testcase classname="com.qa.opencart.Tests.AccountsPageTest" name="dosearchTest" time="0.0">
    <skipped/>
  </testcase> <!-- dosearchTest -->
</testsuite> <!-- Accounts Page Test -->
