<?xml version="1.0" encoding="UTF-8"?>
<!-- Generated by org.testng.reporters.JUnitXMLReporter -->
<testsuite ignored="0" hostname="aryan1313" failures="0" tests="5" name="Login Page Test" time="9.953" errors="0" timestamp="2026-05-15T23:57:24 IST">
  <testcase classname="com.qa.opencart.Tests.LoginPageTest" name="GetpageurlTest" time="0.332"/>
  <testcase classname="com.qa.opencart.Tests.LoginPageTest" name="checkforggotlinkexistTest" time="0.057"/>
  <testcase classname="com.qa.opencart.Tests.LoginPageTest" name="getPageTitleTest" time="0.021"/>
  <testcase classname="com.qa.opencart.Tests.LoginPageTest" name="isheaderexistTest" time="0.078"/>
  <testcase classname="com.qa.opencart.Tests.LoginPageTest" name="loginPageTest" time="2.784"/>
</testsuite> <!-- Login Page Test -->
