<?xml version="1.0" encoding="UTF-8"?>
<!-- Generated by org.testng.reporters.JUnitXMLReporter -->
<testsuite ignored="0" hostname="aryan1313" failures="0" tests="5" name="Login Page Test" time="13.742" errors="0" timestamp="2026-05-19T14:06:04 IST">
  <testcase classname="com.qa.opencart.Tests.LoginPageTest" name="GetpageurlTest" time="1.676"/>
  <testcase classname="com.qa.opencart.Tests.LoginPageTest" name="checkforggotlinkexistTest" time="0.381"/>
  <testcase classname="com.qa.opencart.Tests.LoginPageTest" name="getPageTitleTest" time="0.122"/>
  <testcase classname="com.qa.opencart.Tests.LoginPageTest" name="isheaderexistTest" time="0.229"/>
  <testcase classname="com.qa.opencart.Tests.LoginPageTest" name="loginPageTest" time="3.734"/>
</testsuite> <!-- Login Page Test -->
