<?xml version="1.0" encoding="UTF-8"?>
<!-- Generated by org.testng.reporters.JUnitXMLReporter -->
<testsuite ignored="0" hostname="aryan1313" failures="0" tests="7" name="ProductInfo Page Test" time="76.166" errors="0" timestamp="2026-05-19T14:07:07 IST">
  <testcase classname="com.qa.opencart.Tests.ProductInfoTest" name="GetHeaderTest" time="4.283"/>
  <testcase classname="com.qa.opencart.Tests.ProductInfoTest" name="GetHeaderTest" time="2.853"/>
  <testcase classname="com.qa.opencart.Tests.ProductInfoTest" name="GetHeaderTest" time="2.353"/>
  <testcase classname="com.qa.opencart.Tests.ProductInfoTest" name="GetImagescountTest" time="1.21"/>
  <testcase classname="com.qa.opencart.Tests.ProductInfoTest" name="GetImagescountTest" time="1.604"/>
  <testcase classname="com.qa.opencart.Tests.ProductInfoTest" name="GetImagescountTest" time="1.25"/>
  <testcase classname="com.qa.opencart.Tests.ProductInfoTest" name="getCompleteInfoTest" time="1.842"/>
</testsuite> <!-- ProductInfo Page Test -->
