<?xml version="1.0" encoding="UTF-8"?>
<!-- Generated by org.testng.reporters.JUnitXMLReporter -->
<testsuite ignored="0" hostname="aryan1313" failures="0" tests="7" name="ProductInfo Page Test" time="54.193" errors="0" timestamp="2026-05-19T14:48:11 IST">
  <testcase classname="com.qa.opencart.Tests.ProductInfoTest" name="GetHeaderTest" time="2.311"/>
  <testcase classname="com.qa.opencart.Tests.ProductInfoTest" name="GetHeaderTest" time="2.915"/>
  <testcase classname="com.qa.opencart.Tests.ProductInfoTest" name="GetHeaderTest" time="3.32"/>
  <testcase classname="com.qa.opencart.Tests.ProductInfoTest" name="GetImagescountTest" time="5.4"/>
  <testcase classname="com.qa.opencart.Tests.ProductInfoTest" name="GetImagescountTest" time="1.918"/>
  <testcase classname="com.qa.opencart.Tests.ProductInfoTest" name="GetImagescountTest" time="1.632"/>
  <testcase classname="com.qa.opencart.Tests.ProductInfoTest" name="getCompleteInfoTest" time="2.001"/>
</testsuite> <!-- ProductInfo Page Test -->
