<?xml version="1.0" encoding="UTF-8"?>
<!-- Generated by org.testng.reporters.JUnitXMLReporter -->
<testsuite ignored="0" hostname="aryan1313" failures="0" tests="2" name="Search Page Test" time="10.648" errors="0" timestamp="2026-05-15T23:57:25 IST">
  <testcase classname="com.qa.opencart.Tests.SearchResultTest" name="SearchProductTest" time="1.652"/>
  <testcase classname="com.qa.opencart.Tests.SearchResultTest" name="getproductAmountTest" time="0.033"/>
</testsuite> <!-- Search Page Test -->
