<?xml version="1.0" encoding="UTF-8"?>
<!-- Generated by org.testng.reporters.JUnitReportReporter -->
<testsuite hostname="aryan1313" failures="0" tests="7" name="com.qa.opencart.Tests.ProductInfoTest" time="15.408" errors="0" timestamp="2026-05-19T14:07:08 IST" skipped="0">
  <testcase classname="com.qa.opencart.Tests.ProductInfoTest" name="GetHeaderTest" time="2.355"/>
  <testcase classname="com.qa.opencart.Tests.ProductInfoTest" name="GetImagescountTest" time="1.251"/>
  <testcase classname="com.qa.opencart.Tests.ProductInfoTest" name="GetImagescountTest" time="1.215"/>
  <testcase classname="com.qa.opencart.Tests.ProductInfoTest" name="GetHeaderTest" time="2.854"/>
  <testcase classname="com.qa.opencart.Tests.ProductInfoTest" name="GetImagescountTest" time="1.606"/>
  <testcase classname="com.qa.opencart.Tests.ProductInfoTest" name="getCompleteInfoTest" time="1.844"/>
  <testcase classname="com.qa.opencart.Tests.ProductInfoTest" name="GetHeaderTest" time="4.283"/>
</testsuite> <!-- com.qa.opencart.Tests.ProductInfoTest -->
