<?xml version="1.0" encoding="UTF-8"?>
<!-- Generated by org.testng.reporters.JUnitReportReporter -->
<testsuite hostname="aryan1313" failures="0" tests="2" name="com.qa.opencart.Tests.SearchResultTest" time="14.556" errors="0" timestamp="2026-05-19T14:07:08 IST" skipped="0">
  <testcase classname="com.qa.opencart.Tests.SearchResultTest" name="SearchProductTest" time="14.256"/>
  <testcase classname="com.qa.opencart.Tests.SearchResultTest" name="getproductAmountTest" time="0.300"/>
</testsuite> <!-- com.qa.opencart.Tests.SearchResultTest -->
