<?xml version="1.0" encoding="UTF-8"?>
<!-- Generated by org.testng.reporters.JUnitReportReporter -->
<testsuite hostname="aryan1313" failures="0" tests="5" name="com.qa.opencart.Tests.LoginPageTest" time="6.164" errors="0" timestamp="2026-05-19T14:07:08 IST" skipped="0">
  <testcase classname="com.qa.opencart.Tests.LoginPageTest" name="getPageTitleTest" time="0.122"/>
  <testcase classname="com.qa.opencart.Tests.LoginPageTest" name="GetpageurlTest" time="1.681"/>
  <testcase classname="com.qa.opencart.Tests.LoginPageTest" name="checkforggotlinkexistTest" time="0.384"/>
  <testcase classname="com.qa.opencart.Tests.LoginPageTest" name="isheaderexistTest" time="0.236"/>
  <testcase classname="com.qa.opencart.Tests.LoginPageTest" name="loginPageTest" time="3.741"/>
</testsuite> <!-- com.qa.opencart.Tests.LoginPageTest -->
