<?xml version="1.0" encoding="UTF-8"?>
<!-- Generated by org.testng.reporters.JUnitReportReporter -->
<testsuite hostname="aryan1313" failures="0" tests="7" name="com.qa.opencart.Tests.ProductInfoTest" time="17.944" errors="0" timestamp="2026-05-14T14:03:51 IST" skipped="0">
  <testcase classname="com.qa.opencart.Tests.ProductInfoTest" name="getCompleteInfoTest" time="1.805"/>
  <testcase classname="com.qa.opencart.Tests.ProductInfoTest" name="GetHeaderTest" time="1.777"/>
  <testcase classname="com.qa.opencart.Tests.ProductInfoTest" name="GetImagescountTest" time="1.740"/>
  <testcase classname="com.qa.opencart.Tests.ProductInfoTest" name="GetImagescountTest" time="1.737"/>
  <testcase classname="com.qa.opencart.Tests.ProductInfoTest" name="GetHeaderTest" time="2.965"/>
  <testcase classname="com.qa.opencart.Tests.ProductInfoTest" name="GetHeaderTest" time="4.954"/>
  <testcase classname="com.qa.opencart.Tests.ProductInfoTest" name="GetImagescountTest" time="2.966"/>
</testsuite> <!-- com.qa.opencart.Tests.ProductInfoTest -->
