<?xml version="1.0" encoding="UTF-8"?>
<!-- Generated by org.testng.reporters.JUnitReportReporter -->
<testsuite hostname="aryan1313" failures="0" tests="5" name="com.qa.opencart.Tests.LoginPageTest" time="11.159" errors="0" timestamp="2026-05-19T14:48:17 IST" skipped="0">
  <testcase classname="com.qa.opencart.Tests.LoginPageTest" name="loginPageTest" time="9.699"/>
  <testcase classname="com.qa.opencart.Tests.LoginPageTest" name="checkforggotlinkexistTest" time="0.124"/>
  <testcase classname="com.qa.opencart.Tests.LoginPageTest" name="isheaderexistTest" time="0.271"/>
  <testcase classname="com.qa.opencart.Tests.LoginPageTest" name="GetpageurlTest" time="0.999"/>
  <testcase classname="com.qa.opencart.Tests.LoginPageTest" name="getPageTitleTest" time="0.066"/>
</testsuite> <!-- com.qa.opencart.Tests.LoginPageTest -->
