<?xml version="1.0" encoding="UTF-8"?>
<!-- Generated by org.testng.reporters.JUnitReportReporter -->
<testsuite hostname="aryan1313" failures="0" tests="3" name="com.qa.opencart.Tests.AccountsPageTest" time="0.923" errors="0" timestamp="2026-05-19T14:48:17 IST" skipped="0">
  <testcase classname="com.qa.opencart.Tests.AccountsPageTest" name="dosearchTest" time="0.678"/>
  <testcase classname="com.qa.opencart.Tests.AccountsPageTest" name="checklogoutlinkexistTest" time="0.042"/>
  <testcase classname="com.qa.opencart.Tests.AccountsPageTest" name="accPageHeadersTest" time="0.203"/>
</testsuite> <!-- com.qa.opencart.Tests.AccountsPageTest -->
