<?xml version="1.0" encoding="UTF-8"?>
<!-- Generated by org.testng.reporters.JUnitReportReporter -->
<testsuite hostname="aryan1313" failures="0" tests="2" name="com.qa.opencart.Tests.SearchResultTest" time="1.702" errors="0" timestamp="2026-05-15T23:57:27 IST" skipped="0">
  <testcase classname="com.qa.opencart.Tests.SearchResultTest" name="SearchProductTest" time="1.654"/>
  <testcase classname="com.qa.opencart.Tests.SearchResultTest" name="getproductAmountTest" time="0.048"/>
</testsuite> <!-- com.qa.opencart.Tests.SearchResultTest -->
